<?xml version="1.0" encoding="UTF-8"?>
<!-- Generated by org.testng.reporters.JUnitXMLReporter -->
<testsuite ignored="8" hostname="LENOVO" failures="0" tests="4" name="Test" time="0.164" errors="0" timestamp="2023-12-15T17:30:43 IST">
  <testcase classname="Scripts_01.TestScript_002" name="mthd2" time="0.024"/>
  <testcase classname="Scripts_01.TestScript_003" name="mthd3_1" time="0.003"/>
  <testcase classname="Scripts_01.TestScript_003" name="mthd4_1" time="0.01"/>
  <testcase classname="Scripts_01.TestScript_001" name="mthd1" time="0.006"/>
  <testcase classname="Scripts_01.BaseScript" name="@BeforeSuite beforesuite" time="0.0">
    <ignored/>
  </testcase> <!-- @BeforeSuite beforesuite -->
  <testcase classname="Scripts_01.BaseScript" name="@BeforeSuite beforesuite" time="0.0">
    <ignored/>
  </testcase> <!-- @BeforeSuite beforesuite -->
  <testcase classname="Scripts_01.BaseScript" name="@AfterTest aftertest" time="0.0">
    <ignored/>
  </testcase> <!-- @AfterTest aftertest -->
  <testcase classname="Scripts_01.BaseScript" name="@AfterTest aftertest" time="0.0">
    <ignored/>
  </testcase> <!-- @AfterTest aftertest -->
  <testcase classname="Scripts_01.BaseScript" name="@BeforeTest beforetest" time="0.0">
    <ignored/>
  </testcase> <!-- @BeforeTest beforetest -->
  <testcase classname="Scripts_01.BaseScript" name="@BeforeTest beforetest" time="0.0">
    <ignored/>
  </testcase> <!-- @BeforeTest beforetest -->
  <testcase classname="Scripts_01.BaseScript" name="@AfterSuite aftersuite" time="0.0">
    <ignored/>
  </testcase> <!-- @AfterSuite aftersuite -->
  <testcase classname="Scripts_01.BaseScript" name="@AfterSuite aftersuite" time="0.0">
    <ignored/>
  </testcase> <!-- @AfterSuite aftersuite -->
</testsuite> <!-- Test -->
