<?xml version="1.0" encoding="UTF-8"?>
<!-- Generated by org.testng.reporters.JUnitXMLReporter -->
<testsuite ignored="0" hostname="LENOVO" failures="1" tests="4" name="Test1" time="51.225" errors="0" timestamp="2023-12-18T11:19:13 IST">
  <testcase classname="CrossBrowserTesting_01.Lakme_01" name="lakme" time="0.0">
    <failure type="org.testng.TestNGException" message="
Cannot inject @Test annotated Method [lakme] with [class java.lang.String].
For more information on native dependency injection please refer to https://testng.org/doc/documentation-main.html#native-dependency-injection">
      <![CDATA[org.testng.TestNGException: 
Cannot inject @Test annotated Method [lakme] with [class java.lang.String].
For more information on native dependency injection please refer to https://testng.org/doc/documentation-main.html#native-dependency-injection
at java.base/java.util.ArrayList.forEach(ArrayList.java:1511)
... Removed 26 stack frames]]>
    </failure>
  </testcase> <!-- lakme -->
  <testcase classname="CrossBrowserTesting_01.Ponds_01" name="ponds" time="28.807"/>
  <testcase classname="CrossBrowserTesting_01.MamaEarth_1" name="mamaearth" time="13.816"/>
  <testcase classname="CrossBrowserTesting_01.Wow_01" name="wow" time="7.995"/>
</testsuite> <!-- Test1 -->
