<?xml version="1.0" encoding="UTF-8"?>
<testng-results ignored="0" total="1" passed="1" failed="0" skipped="0">
  <reporter-output>
  </reporter-output>
  <suite started-at="2023-12-28T10:18:52 IST" name="Default suite" finished-at="2023-12-28T10:19:03 IST" duration-ms="11424">
    <groups>
    </groups>
    <test started-at="2023-12-28T10:18:52 IST" name="Default test" finished-at="2023-12-28T10:19:03 IST" duration-ms="11424">
      <class name="DataProvider_19_12_23.TestCase_003">
        <test-method signature="login([Ljava.lang.String;)[pri:0, instance:DataProvider_19_12_23.TestCase_003@6193932a]" started-at="2023-12-28T10:18:52 IST" name="login" data-provider="test2" finished-at="2023-12-28T10:19:03 IST" duration-ms="11365" status="PASS">
          <params>
            <param index="0">
              <value>
                <![CDATA[[Ljava.lang.String;@6adbc9d]]>
              </value>
            </param>
          </params>
          <reporter-output>
          </reporter-output>
        </test-method> <!-- login -->
      </class> <!-- DataProvider_19_12_23.TestCase_003 -->
    </test> <!-- Default test -->
  </suite> <!-- Default suite -->
</testng-results>
